[ 1 ] ( 슬라이드 --------------------------------------- 
    Name : Slide_a783c
    Guid : a783c78f-71bd-495c-9702-1495f8079d89
    Index : 1
    { Children //////////////////////////////////////////////// 
	[ 2 ] ( 슬라이드 --------------------------------------- 
	    Name : Slide2
	    Guid : e754ec47-4830-4451-8ba6-77725a5786b7
	    Index : 2
	    { Children //////////////////////////////////////////////// 
		[ 3 ] ( 슬라이드 --------------------------------------- 
		    Name : Slide3
		    Guid : a378d804-0038-474b-8253-e41c9fdf2f12
		    Index : 3
		    { Children //////////////////////////////////////////////// 
			[ 4 ] ( 슬라이드 --------------------------------------- 
			    Name : Slide4
			    Guid : 459baebb-15f1-44fa-b801-09499d2a6771
			    Index : 4
			[ 4 ] )------------------------------------------------ 
			[ 5 ] ( 슬라이드 --------------------------------------- 
			    Name : Slide5
			    Guid : 4434a0cc-277f-4070-af0c-e52512a44665
			    Index : 5
			[ 5 ] )------------------------------------------------ 
		    } /////////////////////////////////////////////////////////
		[ 3 ] )------------------------------------------------ 
	    } /////////////////////////////////////////////////////////
	[ 2 ] )------------------------------------------------ 
	[ 6 ] ( 슬라이드 --------------------------------------- 
	    Name : Slide7
	    Guid : 2d36d0db-e8e0-4ef7-9065-75606f35ff29
	    Index : 6
	    { Children //////////////////////////////////////////////// 
		[ 7 ] ( 슬라이드 --------------------------------------- 
		    Name : Slide6
		    Guid : b364c35d-966a-4b22-aace-e9ff76b05f69
		    Index : 7
		[ 7 ] )------------------------------------------------ 
		[ 8 ] ( 슬라이드 --------------------------------------- 
		    Name : Slide8
		    Guid : 1c17dc48-5095-4fb9-b987-1b2e8dc94933
		    Index : 8
		[ 8 ] )------------------------------------------------ 
	    } /////////////////////////////////////////////////////////
	[ 6 ] )------------------------------------------------ 
    } /////////////////////////////////////////////////////////
[ 1 ] )------------------------------------------------ 
