[ 1 ] ( 슬라이드 --------------------------------------- 
    Name : Slide_1
    Guid : 180dc4e7-cb5d-4a04-9531-d927475b06fc
    Index : 1
[ 1 ] )------------------------------------------------ 
[ 2 ] ( 슬라이드 --------------------------------------- 
    Name : Slide_2
    Guid : 15469cf1-44b5-4e54-ad02-2ee284fb2487
    Index : 2
[ 2 ] )------------------------------------------------ 
[ 3 ] ( 슬라이드 --------------------------------------- 
    Name : Slide_3
    Guid : aaa30d11-4c15-4094-9430-ec076750fd1c
    Index : 3
[ 3 ] )------------------------------------------------ 
[ 4 ] ( 슬라이드 --------------------------------------- 
    Name : Slide_4
    Guid : ff6f91b8-2583-4717-af85-f857e50df905
    Index : 4
[ 4 ] )------------------------------------------------ 
[ 5 ] ( 슬라이드 --------------------------------------- 
    Name : Slide_5
    Guid : e271fda3-116f-45f2-bd82-7500215a526d
    Index : 5
[ 5 ] )------------------------------------------------ 
